Using pre-set license
Built from '2020.3/staging' branch; Version is '2020.3.28f1 (f5400f52e03f) revision 16072719'; Using compiler version '192528614'; Build Type 'Release'
OS: 'Windows 10  (10.0.19044) 64bit Core' Language: 'ru' Physical Memory: 16328 MB
BatchMode: 1, IsHumanControllingUs: 0, StartBugReporterOnCrash: 0, Is64bit: 1, IsPro: 0

COMMAND LINE ARGUMENTS:
C:\Program Files\Unity\Hub\Editor\2020.3.28f1\Editor\Unity.exe
-adb2
-batchMode
-noUpm
-name
AssetImportWorker0
-projectPath
C:/Games/Riski
-logFile
Logs/AssetImportWorker0.log
-srvPort
1068
Successfully changed project path to: C:/Games/Riski
C:/Games/Riski
Using Asset Import Pipeline V2.
Refreshing native plugins compatible for Editor in 259.43 ms, found 2 plugins.
Preloading 0 native plugins for Editor in 0.00 ms.
Initialize engine version: 2020.3.28f1 (f5400f52e03f)
[Subsystems] Discovering subsystems at path C:/Program Files/Unity/Hub/Editor/2020.3.28f1/Editor/Data/Resources/UnitySubsystems
[Subsystems] Discovering subsystems at path C:/Games/Riski/Assets
GfxDevice: creating device client; threaded=0
Direct3D:
    Version:  Direct3D 11.0 [level 11.1]
    Renderer: Radeon RX 580 Series (ID=0x67df)
    Vendor:   
    VRAM:     4074 MB
    Driver:   31.0.12027.7000
Initialize mono
Mono path[0] = 'C:/Program Files/Unity/Hub/Editor/2020.3.28f1/Editor/Data/Managed'
Mono path[1] = 'C:/Program Files/Unity/Hub/Editor/2020.3.28f1/Editor/Data/MonoBleedingEdge/lib/mono/unityjit'
Mono config path = 'C:/Program Files/Unity/Hub/Editor/2020.3.28f1/Editor/Data/MonoBleedingEdge/etc'
Using monoOptions --debugger-agent=transport=dt_socket,embedding=1,server=y,suspend=n,address=127.0.0.1:56592
Begin MonoManager ReloadAssembly
Registering precompiled unity dll's ...
Register platform support module: C:/Program Files/Unity/Hub/Editor/2020.3.28f1/Editor/Data/PlaybackEngines/WindowsStandaloneSupport/UnityEditor.WindowsStandalone.Extensions.dll
Registered in 0.002417 seconds.
Native extension for WindowsStandalone target not found
Refreshing native plugins compatible for Editor in 253.27 ms, found 2 plugins.
Preloading 0 native plugins for Editor in 0.00 ms.
Mono: successfully reloaded assembly
- Completed reload, in  1.019 seconds
Domain Reload Profiling:
	ReloadAssembly (1019ms)
		BeginReloadAssembly (101ms)
			ExecutionOrderSort (0ms)
			DisableScriptedObjects (0ms)
			BackupInstance (0ms)
			ReleaseScriptingObjects (0ms)
			CreateAndSetChildDomain (1ms)
		EndReloadAssembly (826ms)
			LoadAssemblies (99ms)
			RebuildTransferFunctionScriptingTraits (0ms)
			SetupTypeCache (210ms)
			ReleaseScriptCaches (0ms)
			RebuildScriptCaches (64ms)
			SetupLoadedEditorAssemblies (418ms)
				LogAssemblyErrors (0ms)
				InitializePlatformSupportModulesInManaged (5ms)
				SetLoadedEditorAssemblies (0ms)
				RefreshPlugins (253ms)
				BeforeProcessingInitializeOnLoad (17ms)
				ProcessInitializeOnLoadAttributes (107ms)
				ProcessInitializeOnLoadMethodAttributes (35ms)
				AfterProcessingInitializeOnLoad (0ms)
				EditorAssembliesLoaded (0ms)
			ExecutionOrderSort2 (0ms)
			AwakeInstancesAfterBackupRestoration (0ms)
Platform modules already initialized, skipping
Registering precompiled user dll's ...
Registered in 0.008689 seconds.
Begin MonoManager ReloadAssembly
Native extension for WindowsStandalone target not found
Refreshing native plugins compatible for Editor in 251.21 ms, found 2 plugins.
Preloading 0 native plugins for Editor in 0.00 ms.
Mono: successfully reloaded assembly
- Completed reload, in  2.836 seconds
Domain Reload Profiling:
	ReloadAssembly (2838ms)
		BeginReloadAssembly (185ms)
			ExecutionOrderSort (0ms)
			DisableScriptedObjects (6ms)
			BackupInstance (0ms)
			ReleaseScriptingObjects (0ms)
			CreateAndSetChildDomain (23ms)
		EndReloadAssembly (2570ms)
			LoadAssemblies (139ms)
			RebuildTransferFunctionScriptingTraits (0ms)
			SetupTypeCache (427ms)
			ReleaseScriptCaches (2ms)
			RebuildScriptCaches (1006ms)
			SetupLoadedEditorAssemblies (811ms)
				LogAssemblyErrors (0ms)
				InitializePlatformSupportModulesInManaged (4ms)
				SetLoadedEditorAssemblies (0ms)
				RefreshPlugins (251ms)
				BeforeProcessingInitializeOnLoad (106ms)
				ProcessInitializeOnLoadAttributes (430ms)
				ProcessInitializeOnLoadMethodAttributes (11ms)
				AfterProcessingInitializeOnLoad (8ms)
				EditorAssembliesLoaded (0ms)
			ExecutionOrderSort2 (0ms)
			AwakeInstancesAfterBackupRestoration (8ms)
Platform modules already initialized, skipping
========================================================================
Worker process is ready to serve import requests
Launched and connected shader compiler UnityShaderCompiler.exe after 0.07 seconds
Refreshing native plugins compatible for Editor in 2.27 ms, found 2 plugins.
Preloading 0 native plugins for Editor in 0.00 ms.
Unloading 3150 Unused Serialized files (Serialized files now loaded: 0)
System memory in use before: 163.2 MB.
System memory in use after: 163.4 MB.

Unloading 23 unused Assets to reduce memory usage. Loaded Objects now: 3602.
Total: 3.806300 ms (FindLiveObjects: 0.250600 ms CreateObjectMapping: 0.153000 ms MarkObjects: 3.376800 ms  DeleteObjects: 0.025000 ms)

AssetImportParameters requested are different than current active one (requested -> active):
  custom:framework-win-MediaFoundation: 216162199b28c13a410421893ffa2e32 -> 
  custom:video-decoder-ogg-theora: a1e56fd34408186e4bbccfd4996cb3dc -> 
  custom:container-muxer-webm: aa71ff27fc2769a1b78a27578f13a17b -> 
  custom:container-demuxer-webm: 4f35f7cbe854078d1ac9338744f61a02 -> 
  custom:container-demuxer-ogg: 62fdf1f143b41e24485cea50d1cbac27 -> 
  custom:video-encoder-webm-vp8: eb34c28f22e8b96e1ab97ce403110664 -> 
  custom:video-decoder-webm-vp8: 9c59270c3fd7afecdb556c50c9e8de78 -> 
  custom:audio-decoder-ogg-vorbis: bf7c407c2cedff20999df2af8eb42d56 -> 
  custom:audio-encoder-webm-vorbis: bf7c407c2cedff20999df2af8eb42d56 -> 
========================================================================
Received Import Request.
  path: Assets/Screenshot_75 1.jpg
  artifactKey: Guid(890426f670f8c424ba740cb8d4e39b6c) Importer(815301076,1909f56bfc062723c751e8b465ee728b)
Start importing Assets/Screenshot_75 1.jpg using Guid(890426f670f8c424ba740cb8d4e39b6c) Importer(815301076,1909f56bfc062723c751e8b465ee728b)  -> (artifact id: '3c3135d75ae599779bb6d9c85392198f') in 0.158728 seconds 
  Import took 0.166010 seconds .

========================================================================
Received Import Request.
  Time since last request: 5.452296 seconds.
  path: Assets/Scenes/Image.controller
  artifactKey: Guid(bbc9a9b320799b2408c3a0cd1f53c80c) Importer(815301076,1909f56bfc062723c751e8b465ee728b)
Start importing Assets/Scenes/Image.controller using Guid(bbc9a9b320799b2408c3a0cd1f53c80c) Importer(815301076,1909f56bfc062723c751e8b465ee728b)  -> (artifact id: '4a48793360cab4b96ce1a71e008d8396') in 0.013152 seconds 
  Import took 0.090043 seconds .

========================================================================
Received Import Request.
  Time since last request: 0.306250 seconds.
  path: Assets/Scenes/Cinematick.anim
  artifactKey: Guid(c43687c2411f0e64d9a25d59197837b2) Importer(815301076,1909f56bfc062723c751e8b465ee728b)
Start importing Assets/Scenes/Cinematick.anim using Guid(c43687c2411f0e64d9a25d59197837b2) Importer(815301076,1909f56bfc062723c751e8b465ee728b)  -> (artifact id: '6afedf73dfcf4ec8ad52f3d625f792c1') in 0.009343 seconds 
  Import took 0.017627 seconds .

========================================================================
Received Import Request.
  Time since last request: 11.133245 seconds.
  path: Assets/Scenes/Reflection Scene.unity
  artifactKey: Guid(eff671c081349438a9b21da58af38faf) Importer(815301076,1909f56bfc062723c751e8b465ee728b)
Start importing Assets/Scenes/Reflection Scene.unity using Guid(eff671c081349438a9b21da58af38faf) Importer(815301076,1909f56bfc062723c751e8b465ee728b)  -> (artifact id: '0cc698df1a2129793aaae9c01ebef428') in 0.013333 seconds 
  Import took 0.021327 seconds .

========================================================================
Received Import Request.
  Time since last request: 1.667892 seconds.
  path: Assets/Scenes/SampleScene 1.unity
  artifactKey: Guid(38212f78ec6e4c043b13ea2ca54f5cdf) Importer(815301076,1909f56bfc062723c751e8b465ee728b)
Start importing Assets/Scenes/SampleScene 1.unity using Guid(38212f78ec6e4c043b13ea2ca54f5cdf) Importer(815301076,1909f56bfc062723c751e8b465ee728b)  -> (artifact id: '80016ceb435f89e753e16488dd4f6baf') in 0.008532 seconds 
  Import took 0.015903 seconds .

========================================================================
Received Import Request.
  Time since last request: 2.048803 seconds.
  path: Assets/Scenes/Menu.unity
  artifactKey: Guid(8aa3dcbe26dd6a646ae84c825d828771) Importer(815301076,1909f56bfc062723c751e8b465ee728b)
Start importing Assets/Scenes/Menu.unity using Guid(8aa3dcbe26dd6a646ae84c825d828771) Importer(815301076,1909f56bfc062723c751e8b465ee728b)  -> (artifact id: '2054557311ffefc2eb07247f0e0bd4eb') in 0.008075 seconds 
  Import took 0.015453 seconds .

========================================================================
Received Import Request.
  Time since last request: 578.356792 seconds.
  path: Assets/Scenes/fade.anim
  artifactKey: Guid(ea1120d068c415546bd9a8234ad57ce7) Importer(815301076,1909f56bfc062723c751e8b465ee728b)
Start importing Assets/Scenes/fade.anim using Guid(ea1120d068c415546bd9a8234ad57ce7) Importer(815301076,1909f56bfc062723c751e8b465ee728b)  -> (artifact id: 'cb16838aa0b744ec89ab4e91a01e4290') in 0.010221 seconds 
  Import took 0.018901 seconds .

========================================================================
Received Import Request.
  Time since last request: 4.835243 seconds.
  path: Assets/Scenes/fade_start.anim
  artifactKey: Guid(0ef9272665abd9c45add79ff24a4e881) Importer(815301076,1909f56bfc062723c751e8b465ee728b)
Start importing Assets/Scenes/fade_start.anim using Guid(0ef9272665abd9c45add79ff24a4e881) Importer(815301076,1909f56bfc062723c751e8b465ee728b)  -> (artifact id: 'f5ba85fbb18e7851f41502c8d42fc999') in 0.008116 seconds 
  Import took 0.015744 seconds .

========================================================================
Received Import Request.
  Time since last request: 31.675128 seconds.
  path: Assets/Scenes/fade.controller
  artifactKey: Guid(e96c904b4ac386741b5c86a2d00d4e53) Importer(815301076,1909f56bfc062723c751e8b465ee728b)
Start importing Assets/Scenes/fade.controller using Guid(e96c904b4ac386741b5c86a2d00d4e53) Importer(815301076,1909f56bfc062723c751e8b465ee728b)  -> (artifact id: '25fefd79578de5a81e9fd3f9d5fcc189') in 0.003675 seconds 
  Import took 0.010661 seconds .

========================================================================
Received Prepare
Registering precompiled user dll's ...
Registered in 0.016361 seconds.
Begin MonoManager ReloadAssembly
Native extension for WindowsStandalone target not found
Refreshing native plugins compatible for Editor in 2.40 ms, found 2 plugins.
Preloading 0 native plugins for Editor in 0.00 ms.
Mono: successfully reloaded assembly
- Completed reload, in  2.039 seconds
Domain Reload Profiling:
	ReloadAssembly (2040ms)
		BeginReloadAssembly (233ms)
			ExecutionOrderSort (0ms)
			DisableScriptedObjects (39ms)
			BackupInstance (0ms)
			ReleaseScriptingObjects (0ms)
			CreateAndSetChildDomain (56ms)
		EndReloadAssembly (1715ms)
			LoadAssemblies (168ms)
			RebuildTransferFunctionScriptingTraits (0ms)
			SetupTypeCache (528ms)
			ReleaseScriptCaches (3ms)
			RebuildScriptCaches (122ms)
			SetupLoadedEditorAssemblies (761ms)
				LogAssemblyErrors (0ms)
				InitializePlatformSupportModulesInManaged (6ms)
				SetLoadedEditorAssemblies (1ms)
				RefreshPlugins (2ms)
				BeforeProcessingInitializeOnLoad (152ms)
				ProcessInitializeOnLoadAttributes (576ms)
				ProcessInitializeOnLoadMethodAttributes (13ms)
				AfterProcessingInitializeOnLoad (10ms)
				EditorAssembliesLoaded (0ms)
			ExecutionOrderSort2 (0ms)
			AwakeInstancesAfterBackupRestoration (13ms)
Platform modules already initialized, skipping
Refreshing native plugins compatible for Editor in 6.62 ms, found 2 plugins.
Preloading 0 native plugins for Editor in 0.00 ms.
Unloading 3036 Unused Serialized files (Serialized files now loaded: 0)
System memory in use before: 161.3 MB.
System memory in use after: 161.5 MB.

Unloading 19 unused Assets to reduce memory usage. Loaded Objects now: 3611.
Total: 11.902600 ms (FindLiveObjects: 2.175700 ms CreateObjectMapping: 0.411200 ms MarkObjects: 9.232700 ms  DeleteObjects: 0.081300 ms)

AssetImportParameters requested are different than current active one (requested -> active):
  custom:framework-win-MediaFoundation: 216162199b28c13a410421893ffa2e32 -> 
  custom:video-decoder-ogg-theora: a1e56fd34408186e4bbccfd4996cb3dc -> 
  custom:container-muxer-webm: aa71ff27fc2769a1b78a27578f13a17b -> 
  custom:container-demuxer-webm: 4f35f7cbe854078d1ac9338744f61a02 -> 
  custom:container-demuxer-ogg: 62fdf1f143b41e24485cea50d1cbac27 -> 
  custom:video-encoder-webm-vp8: eb34c28f22e8b96e1ab97ce403110664 -> 
  custom:video-decoder-webm-vp8: 9c59270c3fd7afecdb556c50c9e8de78 -> 
  custom:audio-decoder-ogg-vorbis: bf7c407c2cedff20999df2af8eb42d56 -> 
  custom:audio-encoder-webm-vorbis: bf7c407c2cedff20999df2af8eb42d56 -> 
========================================================================
Received Import Request.
  Time since last request: 1243.041491 seconds.
  path: Assets/Scripts/Control.cs
  artifactKey: Guid(bee272af61cd9b340afd0bbcfad896a7) Importer(815301076,1909f56bfc062723c751e8b465ee728b)
Start importing Assets/Scripts/Control.cs using Guid(bee272af61cd9b340afd0bbcfad896a7) Importer(815301076,1909f56bfc062723c751e8b465ee728b)  -> (artifact id: 'c94f7221dcb11844b67f6b2fc07222dd') in 0.028005 seconds 
  Import took 0.041313 seconds .

========================================================================
Received Import Request.
  Time since last request: 1.378326 seconds.
  path: Assets/Scripts/Menu.cs
  artifactKey: Guid(6d94a79cc4b91c244a94dec6e985e24c) Importer(815301076,1909f56bfc062723c751e8b465ee728b)
Start importing Assets/Scripts/Menu.cs using Guid(6d94a79cc4b91c244a94dec6e985e24c) Importer(815301076,1909f56bfc062723c751e8b465ee728b)  -> (artifact id: '0438a9c67d1b7cc9e7d3844f724e9e1d') in 0.014685 seconds 
  Import took 0.023505 seconds .

========================================================================
Received Import Request.
  Time since last request: 236.812351 seconds.
  path: Assets/Scripts/loaderscirpt.cs
  artifactKey: Guid(d1291ccb05fc65d4d99b5ad1381342f8) Importer(815301076,1909f56bfc062723c751e8b465ee728b)
Start importing Assets/Scripts/loaderscirpt.cs using Guid(d1291ccb05fc65d4d99b5ad1381342f8) Importer(815301076,1909f56bfc062723c751e8b465ee728b)  -> (artifact id: '9568a97fb17ec264fea65915e29b3d18') in 0.010852 seconds 
  Import took 0.018968 seconds .

========================================================================
Received Prepare
Registering precompiled user dll's ...
Registered in 0.009138 seconds.
Begin MonoManager ReloadAssembly
Native extension for WindowsStandalone target not found
Refreshing native plugins compatible for Editor in 2.35 ms, found 2 plugins.
Preloading 0 native plugins for Editor in 0.00 ms.
Mono: successfully reloaded assembly
- Completed reload, in  1.418 seconds
Domain Reload Profiling:
	ReloadAssembly (1418ms)
		BeginReloadAssembly (131ms)
			ExecutionOrderSort (0ms)
			DisableScriptedObjects (5ms)
			BackupInstance (0ms)
			ReleaseScriptingObjects (0ms)
			CreateAndSetChildDomain (41ms)
		EndReloadAssembly (1214ms)
			LoadAssemblies (116ms)
			RebuildTransferFunctionScriptingTraits (0ms)
			SetupTypeCache (403ms)
			ReleaseScriptCaches (1ms)
			RebuildScriptCaches (52ms)
			SetupLoadedEditorAssemblies (533ms)
				LogAssemblyErrors (0ms)
				InitializePlatformSupportModulesInManaged (6ms)
				SetLoadedEditorAssemblies (1ms)
				RefreshPlugins (2ms)
				BeforeProcessingInitializeOnLoad (124ms)
				ProcessInitializeOnLoadAttributes (380ms)
				ProcessInitializeOnLoadMethodAttributes (11ms)
				AfterProcessingInitializeOnLoad (10ms)
				EditorAssembliesLoaded (0ms)
			ExecutionOrderSort2 (0ms)
			AwakeInstancesAfterBackupRestoration (8ms)
Platform modules already initialized, skipping
Refreshing native plugins compatible for Editor in 2.38 ms, found 2 plugins.
Preloading 0 native plugins for Editor in 0.00 ms.
Unloading 3036 Unused Serialized files (Serialized files now loaded: 0)
System memory in use before: 161.3 MB.
System memory in use after: 161.5 MB.

Unloading 19 unused Assets to reduce memory usage. Loaded Objects now: 3613.
Total: 3.763000 ms (FindLiveObjects: 0.253300 ms CreateObjectMapping: 0.150600 ms MarkObjects: 3.329400 ms  DeleteObjects: 0.028500 ms)

AssetImportParameters requested are different than current active one (requested -> active):
  custom:framework-win-MediaFoundation: 216162199b28c13a410421893ffa2e32 -> 
  custom:video-decoder-ogg-theora: a1e56fd34408186e4bbccfd4996cb3dc -> 
  custom:container-muxer-webm: aa71ff27fc2769a1b78a27578f13a17b -> 
  custom:container-demuxer-webm: 4f35f7cbe854078d1ac9338744f61a02 -> 
  custom:container-demuxer-ogg: 62fdf1f143b41e24485cea50d1cbac27 -> 
  custom:video-encoder-webm-vp8: eb34c28f22e8b96e1ab97ce403110664 -> 
  custom:video-decoder-webm-vp8: 9c59270c3fd7afecdb556c50c9e8de78 -> 
  custom:audio-decoder-ogg-vorbis: bf7c407c2cedff20999df2af8eb42d56 -> 
  custom:audio-encoder-webm-vorbis: bf7c407c2cedff20999df2af8eb42d56 -> 
========================================================================
Received Import Request.
  Time since last request: 22.116438 seconds.
  path: Assets/Scripts/loaderscirpt.cs
  artifactKey: Guid(d1291ccb05fc65d4d99b5ad1381342f8) Importer(815301076,1909f56bfc062723c751e8b465ee728b)
Start importing Assets/Scripts/loaderscirpt.cs using Guid(d1291ccb05fc65d4d99b5ad1381342f8) Importer(815301076,1909f56bfc062723c751e8b465ee728b)  -> (artifact id: '88ee4578fe78a356e510f0d8c2c307c4') in 0.006100 seconds 
  Import took 0.016869 seconds .

AssetImportWorkerClient::OnTransportError - code=2 error=End of file
